<?xml version="1.0" encoding="UTF-8"?>
<!-- Generated by org.testng.reporters.JUnitReportReporter -->
<testsuite hostname="TYSS-Ghansham" failures="0" tests="1" name="practice.CommonCharInTwoStrings" time="14.087" errors="0" timestamp="2022-03-25T15:25:07 IST" skipped="0">
  <testcase classname="practice.CommonCharInTwoStrings" name="CommonCharInTwoStrings" time="14.087"/>
  <system-out/>
</testsuite> <!-- practice.CommonCharInTwoStrings -->
