<?xml version="1.0" encoding="UTF-8"?>
<!-- Generated by org.testng.reporters.JUnitReportReporter -->
<testsuite hostname="TYSS-Ghansham" failures="0" tests="1" name="practice_Selenium.SpicejetTest" time="22.148" errors="0" timestamp="2022-03-25T17:45:51 IST" skipped="0">
  <testcase classname="practice_Selenium.SpicejetTest" name="spicejetTest" time="22.148"/>
  <system-out/>
</testsuite> <!-- practice_Selenium.SpicejetTest -->
