<?xml version="1.0" encoding="UTF-8"?>
<!-- Generated by org.testng.reporters.JUnitReportReporter -->
<testsuite hostname="TYSS-Ghansham" failures="0" tests="1" name="practice_Selenium.MMTTest" time="28.346" errors="0" timestamp="2022-03-25T17:45:15 IST" skipped="0">
  <testcase classname="practice_Selenium.MMTTest" name="mmtTest" time="28.346"/>
  <system-out/>
</testsuite> <!-- practice_Selenium.MMTTest -->
