<?xml version="1.0" encoding="UTF-8"?>
<!-- Generated by org.testng.reporters.JUnitReportReporter -->
<testsuite hostname="TYSS-Ghansham" failures="0" tests="1" name="practice.LargestElements" time="0.012" errors="0" timestamp="2022-03-04T09:43:21 IST" skipped="0">
  <testcase classname="practice.LargestElements" name="LargestElements" time="0.012"/>
  <system-out/>
</testsuite> <!-- practice.LargestElements -->
